left: 1. Top:1. Right:9. Bot:8
    1    1    1   -1    2    2    2    2    2
    1    1    4    4   -1    2    2    2    2
    1    4    4    4    4   -1   -1   -1   -1
    1    4    4    4    5    5    5    5    6
   -1    5    5    5    5    5    5    5    6
    3    3    3    5    5    5    5    6    6
    3    3    3    3    5    5    6    6    6
    3    3    3    3    3   -1    6    6    6
Intersted Point. x=4, y=3
Intersted Point. x=5, y=5
Area of Current Point 4 = 9
Area of Current Point 5 = 17
Max area = 17
.........
...##....
..####...
..####...
..####...
...##....
.........
.........
Area Region Count = 16
