Guard 1871 slept for 375 minutes
Guard 433 slept for 284 minutes
Guard 2593 slept for 329 minutes
Guard 727 slept for 449 minutes
Guard 277 slept for 303 minutes
Guard 1097 slept for 409 minutes
Guard 1709 slept for 119 minutes
Guard 1171 slept for 175 minutes
Guard 2423 slept for 370 minutes
Guard 2251 slept for 376 minutes
Guard 739 slept for 280 minutes
Guard 109 slept for 422 minutes
Guard 103 slept for 283 minutes
Guard 2887 slept for 241 minutes
Guard 677 slept for 231 minutes
Guard 2689 slept for 426 minutes
Guard 1051 slept for 124 minutes
Guard 239 slept for 227 minutes
Guard 1447 slept for 364 minutes
Guard 1249 slept for 172 minutes
Guard 821 slept for 0 minutes
Guard 281 slept for 0 minutes
Guard 3121 slept for 0 minutes
Guard 727 slept for 449 minutes
0 0 0 0 0 0 0 0 0 0 0 0 0 0 0 0 0 1 1 1 1 1 1 1 1 1 1 1 1 1 1 1 1 1 1 1 1 1 1 1 1 1 1 1 1 1 1 1 1 1 1 1 1 1 1 1 1 1 0 0 0 0 0 
0 0 0 0 0 0 0 0 0 0 1 1 0 0 0 0 0 0 0 0 0 0 1 1 1 1 1 1 1 1 1 1 1 1 1 1 1 1 1 0 0 0 0 0 0 0 0 0 0 0 0 0 0 0 0 0 0 0 0 0 0 0 0 
0 0 0 0 0 0 0 0 0 0 0 0 0 0 0 0 0 0 0 0 0 0 0 0 0 0 1 1 1 1 1 1 1 1 1 1 1 1 1 1 1 1 1 1 1 1 1 1 1 1 1 1 0 0 0 1 1 0 0 0 0 0 0 
0 0 0 0 0 0 0 0 0 0 0 0 0 0 0 0 0 0 0 0 0 0 0 0 0 0 0 0 0 0 1 1 1 1 1 1 1 1 1 1 1 1 1 1 1 1 1 1 1 1 1 1 1 1 0 0 0 0 0 0 0 0 0 
0 0 0 0 0 0 0 1 1 1 1 1 1 1 1 1 1 1 1 1 1 1 1 1 1 1 1 1 1 1 1 1 1 1 1 1 0 0 0 0 0 0 0 0 0 0 0 0 0 1 0 0 0 0 0 0 0 0 0 0 0 0 0 
0 0 0 0 0 0 0 0 1 1 1 1 0 0 0 0 0 0 1 1 1 1 1 1 1 1 1 1 1 1 1 1 1 0 0 0 0 0 0 0 0 0 1 1 1 1 1 1 1 1 1 1 1 0 0 0 1 0 0 0 0 0 0 
0 0 0 0 0 0 0 0 0 0 0 0 0 0 0 0 0 0 0 0 0 0 0 0 0 0 0 0 0 0 0 0 0 0 0 0 0 0 1 1 1 1 1 1 1 1 1 1 1 1 1 1 1 1 1 1 1 0 0 0 0 0 0 
0 0 0 0 0 0 0 0 0 0 0 0 0 0 0 0 0 0 0 0 0 0 0 1 1 1 1 1 1 1 1 1 1 1 1 1 1 1 0 0 0 0 0 0 0 0 0 0 0 0 0 0 0 0 0 0 0 0 0 0 0 0 0 
0 0 0 0 0 0 0 0 0 0 0 0 0 0 0 0 0 0 1 1 1 1 1 1 1 1 1 1 1 1 1 1 1 1 1 1 1 1 1 1 1 1 1 1 1 1 1 1 1 1 1 1 1 1 1 1 1 1 0 0 0 0 0 
0 0 0 0 0 0 0 0 0 0 0 0 0 0 0 0 0 0 0 0 0 0 0 0 0 0 0 0 0 0 0 0 0 0 0 0 0 0 0 0 0 0 0 0 0 0 0 0 0 1 1 0 0 0 0 0 0 0 0 0 0 0 0 
0 0 0 0 0 0 0 0 0 0 0 0 0 0 0 0 0 1 1 1 1 1 0 0 0 0 0 0 0 0 0 0 0 0 0 0 0 0 0 0 0 0 0 0 0 0 0 0 0 0 1 1 1 1 1 1 1 1 1 0 0 0 0 
1 1 1 1 1 1 1 1 1 1 1 1 1 1 1 1 1 1 1 1 1 1 1 1 1 1 0 0 0 0 0 0 0 0 0 0 0 0 0 0 0 0 0 0 0 0 0 0 0 0 0 1 1 1 0 0 0 0 0 0 0 0 0 
0 0 0 0 0 0 0 0 0 0 0 0 0 0 0 0 0 0 0 0 0 0 0 0 0 0 0 0 0 0 0 0 0 0 0 0 0 0 0 0 0 0 0 0 0 0 1 1 1 1 1 1 1 1 1 1 1 1 0 0 0 0 0 
0 0 0 0 0 0 0 1 1 1 1 1 1 1 1 1 1 1 1 1 1 1 1 1 1 1 1 1 1 1 1 1 1 1 1 1 1 1 1 1 1 1 1 1 1 1 1 1 1 1 0 0 0 0 0 0 0 0 0 0 0 0 0 
0 0 0 0 0 0 0 0 0 0 0 0 0 0 0 0 0 0 0 0 0 0 0 0 0 0 0 0 0 0 0 0 0 0 0 0 0 0 1 1 1 1 1 1 1 1 1 1 1 1 1 1 1 1 1 1 1 1 0 0 0 0 0 
0 0 0 0 0 0 0 0 0 0 0 0 0 0 0 0 0 0 0 0 0 0 0 0 0 0 0 0 0 0 0 0 0 0 1 1 1 1 1 1 1 1 1 1 1 1 1 1 1 1 1 1 1 1 1 1 1 0 0 0 0 0 0 
1 1 1 1 1 1 1 1 1 1 1 1 0 0 0 0 1 1 1 1 1 1 1 0 0 0 0 0 0 0 0 0 0 0 0 0 0 0 0 0 0 0 0 0 0 0 0 0 0 0 0 0 0 0 0 0 0 0 0 0 0 0 0 
0 0 0 0 0 0 0 0 0 0 0 0 0 0 0 0 0 1 1 1 1 1 1 1 1 1 1 1 1 1 1 1 1 1 1 1 1 1 1 1 1 1 1 1 1 1 1 1 1 1 1 1 1 1 1 1 1 0 0 0 0 0 0 
Guard 727 slept maximum at 49 minute. The product = 35623
Guard 1871  details
0 1 1 1 1 3 3 3 3 3 3 4 4 4 4 5 8 8 6 6 6 6 6 6 6 8 8 7 8 10 9 10 10 10 12 12 11 10 10 10 9 9 8 8 8 7 7 7 8 7 8 8 8 7 5 6 5 2 2 0 0 0 0 
Guard 433  details
0 0 0 0 0 0 0 1 1 1 2 3 4 4 4 4 4 4 4 4 4 5 5 4 4 5 6 6 7 7 6 6 5 5 4 6 6 7 6 7 9 9 8 8 10 9 9 10 10 8 8 7 6 6 7 4 4 1 0 0 0 0 0 
Guard 2593  details
1 1 1 1 1 1 1 1 1 1 2 2 2 2 2 3 3 3 4 4 5 5 5 4 4 4 4 4 5 4 5 7 9 9 9 9 9 9 9 11 11 12 11 12 13 12 12 12 11 11 8 8 7 5 6 4 4 2 1 0 0 0 0 
Guard 727  details
2 2 2 2 2 2 2 4 5 5 6 6 3 3 3 3 4 7 9 9 9 9 9 9 9 9 9 9 9 9 10 10 10 9 10 10 9 9 10 9 9 9 10 10 10 10 11 11 11 13 12 12 11 10 8 9 10 5 1 0 0 0 0 
Guard 277  details
0 1 3 3 3 3 4 4 3 3 3 3 3 4 4 4 5 5 6 6 6 6 6 6 6 7 8 8 7 7 7 7 7 7 7 8 7 7 7 7 7 7 7 7 7 7 7 7 6 6 6 6 4 3 3 3 2 0 0 0 0 0 0 
Guard 1097  details
0 0 0 1 2 2 2 2 4 4 5 5 6 6 7 9 9 9 11 12 13 15 13 12 10 10 10 9 9 10 9 8 8 8 8 8 8 8 6 6 8 7 7 7 9 8 8 10 10 9 9 7 4 4 3 5 4 4 2 0 0 0 0 
Guard 1709  details
0 0 0 0 0 0 0 0 0 0 0 0 1 1 1 1 1 1 1 1 1 1 1 2 2 2 2 3 3 3 3 3 2 2 2 2 2 3 4 4 3 3 3 3 3 4 4 4 4 4 4 4 5 5 4 3 2 1 1 0 0 0 0 
Guard 1171  details
0 0 0 0 0 1 1 1 1 1 1 1 1 1 1 2 2 3 3 4 5 5 5 6 5 5 5 5 6 5 5 5 4 3 3 3 4 4 4 4 4 4 4 5 3 4 3 3 3 2 2 2 3 3 3 4 3 3 2 0 0 0 0 
Guard 2423  details
0 0 0 0 1 2 2 2 2 2 4 3 4 4 4 3 6 6 6 7 7 7 6 6 7 7 7 6 8 8 10 10 12 13 13 13 13 12 11 12 11 10 10 10 8 8 8 6 5 6 7 8 8 6 5 3 3 2 0 0 0 0 0 
Guard 2251  details
0 1 1 1 1 2 2 2 2 2 3 3 4 5 6 5 4 5 6 6 6 6 6 6 6 5 6 6 6 6 6 6 6 8 8 8 9 8 8 9 10 10 11 12 14 13 12 12 10 11 9 10 10 10 9 6 6 4 1 0 0 0 0 
Guard 739  details
0 1 1 1 1 1 1 1 1 1 3 3 3 2 3 3 3 3 3 3 3 3 3 4 5 5 5 5 6 6 6 7 7 7 7 9 10 11 10 9 8 9 8 8 9 9 9 8 7 6 5 4 5 5 4 3 3 3 1 0 0 0 0 
Guard 109  details
1 1 2 2 3 3 4 4 6 6 6 6 5 5 5 5 5 6 8 8 8 9 9 10 12 12 12 11 11 10 10 9 9 10 9 9 10 10 9 8 10 10 10 9 9 9 9 7 7 7 6 6 8 8 5 4 4 4 2 0 0 0 0 
Guard 103  details
0 0 0 1 1 1 1 1 1 1 1 1 2 2 2 2 2 4 5 5 5 5 4 5 5 7 8 8 8 8 9 9 9 9 8 10 9 9 11 10 8 8 8 7 7 7 7 7 6 5 5 5 5 5 2 1 0 1 0 0 0 0 0 
Guard 2887  details
0 0 0 0 0 0 0 0 0 0 0 0 0 1 2 2 2 3 3 4 5 5 5 5 5 7 6 6 6 6 6 6 6 6 7 6 8 7 7 7 7 7 8 10 7 7 6 6 6 6 6 6 6 4 4 2 2 2 0 0 0 0 0 
Guard 677  details
0 0 0 0 0 0 0 0 0 0 1 1 2 2 2 2 3 4 5 3 4 4 4 5 5 5 5 5 5 5 7 7 8 8 7 9 9 8 7 6 6 6 5 5 5 6 6 5 5 5 4 3 3 4 3 3 4 4 1 0 0 0 0 
Guard 2689  details
1 3 4 4 5 5 5 6 6 6 5 6 7 6 6 6 6 6 6 5 5 6 7 7 8 7 8 8 10 11 11 12 12 12 11 10 10 10 11 12 9 11 10 9 9 8 8 7 7 6 6 7 7 6 6 5 5 5 3 0 0 0 0 
Guard 1051  details
0 0 0 0 0 0 1 1 2 2 2 3 3 3 4 3 2 2 2 1 1 1 1 1 1 1 1 1 1 1 1 2 2 2 2 2 2 2 3 3 3 4 4 4 3 3 3 3 3 4 4 4 4 3 4 3 3 2 1 0 0 0 0 
Guard 239  details
0 0 0 0 0 0 0 0 1 1 1 2 2 3 3 3 3 3 3 3 4 4 4 4 4 4 5 6 6 6 5 5 5 5 6 6 6 5 5 5 6 6 6 6 6 6 7 9 8 8 7 5 4 3 3 3 3 2 1 0 0 0 0 
Guard 1447  details
0 1 1 1 1 1 1 1 2 2 2 3 3 4 4 4 4 5 5 5 6 6 6 8 10 11 12 10 9 8 7 7 7 7 7 8 8 8 10 11 11 12 13 13 11 9 8 7 8 8 8 9 9 9 5 4 2 2 0 0 0 0 0 
Guard 1249  details
0 0 1 1 1 2 2 2 2 2 2 2 3 3 3 3 4 5 5 5 5 5 5 5 5 5 4 3 3 3 3 3 3 3 2 2 2 2 2 2 2 2 2 2 2 2 3 3 3 4 5 5 4 3 3 4 4 3 1 0 0 0 0 
Guard 821  details
0 0 0 0 0 0 0 0 0 0 0 0 0 0 0 0 0 0 0 0 0 0 0 0 0 0 0 0 0 0 0 0 0 0 0 0 0 0 0 0 0 0 0 0 0 0 0 0 0 0 0 0 0 0 0 0 0 0 0 0 0 0 0 
Guard 281  details
0 0 0 0 0 0 0 0 0 0 0 0 0 0 0 0 0 0 0 0 0 0 0 0 0 0 0 0 0 0 0 0 0 0 0 0 0 0 0 0 0 0 0 0 0 0 0 0 0 0 0 0 0 0 0 0 0 0 0 0 0 0 0 
Guard 3121  details
0 0 0 0 0 0 0 0 0 0 0 0 0 0 0 0 0 0 0 0 0 0 0 0 0 0 0 0 0 0 0 0 0 0 0 0 0 0 0 0 0 0 0 0 0 0 0 0 0 0 0 0 0 0 0 0 0 0 0 0 0 0 0 
Guard 1097 slept for maximum minutes at 21. The product = 23037
